  TSP GA.cpp
c:\users\manol\source\repos\tsp ga\tsp ga\tsp ga.cpp(29): warning C4244: 'argument': conversion from 'double' to 'const unsigned int', possible loss of data
c:\users\manol\source\repos\tsp ga\tsp ga\tsp ga.cpp(31): warning C4244: 'argument': conversion from 'double' to 'const unsigned int', possible loss of data
c:\users\manol\source\repos\tsp ga\tsp ga\tsp ga.cpp(34): warning C4244: 'argument': conversion from 'double' to 'const unsigned int', possible loss of data
c:\users\manol\source\repos\tsp ga\tsp ga\tsp ga.cpp(35): warning C4244: 'argument': conversion from 'double' to 'const unsigned int', possible loss of data
c:\users\manol\source\repos\tsp ga\tsp ga\tsp ga.cpp(78): warning C4244: 'argument': conversion from 'double' to 'const unsigned int', possible loss of data
c:\users\manol\source\repos\tsp ga\tsp ga\tsp ga.cpp(89): warning C4244: 'argument': conversion from 'double' to 'const unsigned int', possible loss of data
c:\users\manol\source\repos\tsp ga\tsp ga\tsp ga.cpp(90): warning C4244: 'argument': conversion from 'double' to 'int', possible loss of data
c:\users\manol\source\repos\tsp ga\tsp ga\tsp ga.cpp(97): warning C4244: 'argument': conversion from 'double' to 'const unsigned int', possible loss of data
c:\users\manol\source\repos\tsp ga\tsp ga\tsp ga.cpp(99): warning C4244: 'argument': conversion from 'double' to 'const unsigned int', possible loss of data
c:\users\manol\source\repos\tsp ga\tsp ga\tsp ga.cpp(108): warning C4244: 'argument': conversion from 'double' to 'const unsigned int', possible loss of data
c:\users\manol\source\repos\tsp ga\tsp ga\tsp ga.cpp(116): warning C4244: 'argument': conversion from 'double' to 'const unsigned int', possible loss of data
c:\users\manol\source\repos\tsp ga\tsp ga\tsp ga.cpp(128): warning C4244: 'argument': conversion from 'double' to 'const unsigned int', possible loss of data
c:\users\manol\source\repos\tsp ga\tsp ga\tsp ga.cpp(129): warning C4244: 'argument': conversion from 'double' to 'const unsigned int', possible loss of data
c:\users\manol\source\repos\tsp ga\tsp ga\tsp ga.cpp(130): warning C4244: 'argument': conversion from 'double' to 'const unsigned int', possible loss of data
c:\users\manol\source\repos\tsp ga\tsp ga\tsp ga.cpp(131): warning C4244: 'argument': conversion from 'double' to 'const unsigned int', possible loss of data
c:\users\manol\source\repos\tsp ga\tsp ga\tsp ga.cpp(137): warning C4244: 'argument': conversion from 'double' to 'const unsigned int', possible loss of data
c:\users\manol\source\repos\tsp ga\tsp ga\tsp ga.cpp(138): warning C4244: 'argument': conversion from 'double' to 'const unsigned int', possible loss of data
c:\users\manol\source\repos\tsp ga\tsp ga\tsp ga.cpp(139): warning C4244: 'argument': conversion from 'double' to 'const unsigned int', possible loss of data
c:\users\manol\source\repos\tsp ga\tsp ga\tsp ga.cpp(160): warning C4244: 'argument': conversion from 'double' to 'const unsigned int', possible loss of data
c:\users\manol\source\repos\tsp ga\tsp ga\tsp ga.cpp(161): warning C4244: 'argument': conversion from 'double' to 'const unsigned int', possible loss of data
c:\users\manol\source\repos\tsp ga\tsp ga\tsp ga.cpp(165): warning C4244: 'argument': conversion from 'double' to 'const unsigned int', possible loss of data
c:\users\manol\source\repos\tsp ga\tsp ga\tsp ga.cpp(166): warning C4244: 'argument': conversion from 'double' to 'const unsigned int', possible loss of data
c:\users\manol\source\repos\tsp ga\tsp ga\tsp ga.cpp(186): warning C4244: 'argument': conversion from 'double' to 'const unsigned int', possible loss of data
c:\users\manol\source\repos\tsp ga\tsp ga\tsp ga.cpp(192): warning C4244: 'argument': conversion from 'double' to 'const unsigned int', possible loss of data
c:\users\manol\source\repos\tsp ga\tsp ga\tsp ga.cpp(213): warning C4244: 'argument': conversion from 'double' to 'const unsigned int', possible loss of data
c:\users\manol\source\repos\tsp ga\tsp ga\tsp ga.cpp(214): warning C4244: 'argument': conversion from 'double' to 'const unsigned int', possible loss of data
c:\users\manol\source\repos\tsp ga\tsp ga\tsp ga.cpp(218): warning C4244: 'argument': conversion from 'double' to 'const unsigned int', possible loss of data
c:\users\manol\source\repos\tsp ga\tsp ga\tsp ga.cpp(219): warning C4244: 'argument': conversion from 'double' to 'const unsigned int', possible loss of data
c:\users\manol\source\repos\tsp ga\tsp ga\tsp ga.cpp(228): warning C4244: 'argument': conversion from 'double' to 'const unsigned int', possible loss of data
c:\users\manol\source\repos\tsp ga\tsp ga\tsp ga.cpp(229): warning C4244: 'argument': conversion from 'double' to 'const unsigned int', possible loss of data
c:\users\manol\source\repos\tsp ga\tsp ga\tsp ga.cpp(232): warning C4244: 'argument': conversion from 'double' to 'const unsigned int', possible loss of data
c:\users\manol\source\repos\tsp ga\tsp ga\tsp ga.cpp(234): warning C4244: 'argument': conversion from 'double' to 'const unsigned int', possible loss of data
c:\users\manol\source\repos\tsp ga\tsp ga\tsp ga.cpp(235): warning C4244: 'argument': conversion from 'double' to 'const unsigned int', possible loss of data
c:\users\manol\source\repos\tsp ga\tsp ga\tsp ga.cpp(236): warning C4244: 'argument': conversion from 'double' to 'const unsigned int', possible loss of data
c:\users\manol\source\repos\tsp ga\tsp ga\tsp ga.cpp(238): warning C4244: 'argument': conversion from 'double' to 'const unsigned int', possible loss of data
c:\users\manol\source\repos\tsp ga\tsp ga\tsp ga.cpp(240): warning C4244: 'argument': conversion from 'double' to 'const unsigned int', possible loss of data
c:\users\manol\source\repos\tsp ga\tsp ga\tsp ga.cpp(241): warning C4244: 'argument': conversion from 'double' to 'const unsigned int', possible loss of data
c:\users\manol\source\repos\tsp ga\tsp ga\tsp ga.cpp(242): warning C4244: 'argument': conversion from 'double' to 'const unsigned int', possible loss of data
c:\users\manol\source\repos\tsp ga\tsp ga\tsp ga.cpp(249): warning C4244: 'argument': conversion from 'double' to 'const unsigned int', possible loss of data
c:\users\manol\source\repos\tsp ga\tsp ga\tsp ga.cpp(250): warning C4244: 'argument': conversion from 'double' to 'const unsigned int', possible loss of data
c:\users\manol\source\repos\tsp ga\tsp ga\tsp ga.cpp(253): warning C4244: 'argument': conversion from 'double' to 'const unsigned int', possible loss of data
c:\users\manol\source\repos\tsp ga\tsp ga\tsp ga.cpp(256): warning C4244: 'argument': conversion from 'double' to 'const unsigned int', possible loss of data
c:\users\manol\source\repos\tsp ga\tsp ga\tsp ga.cpp(268): warning C4244: 'argument': conversion from 'double' to 'const unsigned int', possible loss of data
c:\users\manol\source\repos\tsp ga\tsp ga\tsp ga.cpp(269): warning C4244: 'argument': conversion from 'double' to 'const unsigned int', possible loss of data
c:\users\manol\source\repos\tsp ga\tsp ga\tsp ga.cpp(276): warning C4244: 'argument': conversion from 'double' to 'const unsigned int', possible loss of data
c:\users\manol\source\repos\tsp ga\tsp ga\tsp ga.cpp(278): warning C4244: 'argument': conversion from 'double' to 'const unsigned int', possible loss of data
c:\users\manol\source\repos\tsp ga\tsp ga\tsp ga.cpp(279): warning C4244: 'argument': conversion from 'double' to 'const unsigned int', possible loss of data
c:\users\manol\source\repos\tsp ga\tsp ga\tsp ga.cpp(280): warning C4244: 'argument': conversion from 'double' to 'const unsigned int', possible loss of data
c:\users\manol\source\repos\tsp ga\tsp ga\tsp ga.cpp(282): warning C4244: 'argument': conversion from 'double' to 'const unsigned int', possible loss of data
c:\users\manol\source\repos\tsp ga\tsp ga\tsp ga.cpp(283): warning C4244: 'argument': conversion from 'double' to 'const unsigned int', possible loss of data
c:\users\manol\source\repos\tsp ga\tsp ga\tsp ga.cpp(284): warning C4244: 'argument': conversion from 'double' to 'const unsigned int', possible loss of data
c:\users\manol\source\repos\tsp ga\tsp ga\tsp ga.cpp(294): warning C4244: 'argument': conversion from 'double' to 'const unsigned int', possible loss of data
c:\users\manol\source\repos\tsp ga\tsp ga\tsp ga.cpp(333): warning C4244: 'argument': conversion from 'double' to 'const unsigned int', possible loss of data
c:\users\manol\source\repos\tsp ga\tsp ga\tsp ga.cpp(334): warning C4244: 'argument': conversion from 'double' to 'const unsigned int', possible loss of data
c:\users\manol\source\repos\tsp ga\tsp ga\tsp ga.cpp(336): warning C4244: 'argument': conversion from 'double' to 'const unsigned int', possible loss of data
c:\users\manol\source\repos\tsp ga\tsp ga\tsp ga.cpp(338): warning C4244: 'argument': conversion from 'double' to 'const unsigned int', possible loss of data
c:\users\manol\source\repos\tsp ga\tsp ga\tsp ga.cpp(339): warning C4244: 'argument': conversion from 'double' to 'const unsigned int', possible loss of data
c:\users\manol\source\repos\tsp ga\tsp ga\tsp ga.cpp(340): warning C4244: 'argument': conversion from 'double' to 'const unsigned int', possible loss of data
c:\users\manol\source\repos\tsp ga\tsp ga\tsp ga.cpp(352): warning C4244: 'argument': conversion from 'double' to 'const unsigned int', possible loss of data
c:\users\manol\source\repos\tsp ga\tsp ga\tsp ga.cpp(355): warning C4553: '==': operator has no effect; did you intend '='?
c:\users\manol\source\repos\tsp ga\tsp ga\tsp ga.cpp(358): warning C4244: 'argument': conversion from 'double' to 'const unsigned int', possible loss of data
c:\users\manol\source\repos\tsp ga\tsp ga\tsp ga.cpp(359): warning C4244: 'argument': conversion from 'double' to 'const unsigned int', possible loss of data
c:\users\manol\source\repos\tsp ga\tsp ga\tsp ga.cpp(369): warning C4244: 'argument': conversion from 'double' to 'const unsigned int', possible loss of data
c:\users\manol\source\repos\tsp ga\tsp ga\tsp ga.cpp(380): warning C4244: 'argument': conversion from 'double' to 'const unsigned int', possible loss of data
c:\users\manol\source\repos\tsp ga\tsp ga\tsp ga.cpp(383): warning C4244: 'argument': conversion from 'double' to 'const unsigned int', possible loss of data
c:\users\manol\source\repos\tsp ga\tsp ga\tsp ga.cpp(385): warning C4244: 'argument': conversion from 'double' to 'const unsigned int', possible loss of data
c:\users\manol\source\repos\tsp ga\tsp ga\tsp ga.cpp(386): warning C4244: 'argument': conversion from 'double' to 'const unsigned int', possible loss of data
c:\users\manol\source\repos\tsp ga\tsp ga\tsp ga.cpp(397): warning C4244: 'argument': conversion from 'double' to 'const unsigned int', possible loss of data
c:\users\manol\source\repos\tsp ga\tsp ga\tsp ga.cpp(410): warning C4244: 'argument': conversion from 'double' to 'const unsigned int', possible loss of data
c:\users\manol\source\repos\tsp ga\tsp ga\tsp ga.cpp(419): warning C4244: 'argument': conversion from 'time_t' to 'unsigned int', possible loss of data
c:\users\manol\source\repos\tsp ga\tsp ga\tsp ga.cpp(435): warning C4244: 'argument': conversion from 'time_t' to 'unsigned int', possible loss of data
c:\users\manol\source\repos\tsp ga\tsp ga\tsp ga.cpp(455): warning C4551: function call missing argument list
c:\users\manol\source\repos\tsp ga\tsp ga\tsp ga.cpp(456): warning C4551: function call missing argument list
c:\users\manol\source\repos\tsp ga\tsp ga\tsp ga.cpp(118): warning C4715: 'find_index': not all control paths return a value
c:\users\manol\source\repos\tsp ga\tsp ga\tsp ga.cpp(194): warning C4715: 'find_unused': not all control paths return a value
c:\users\manol\source\repos\tsp ga\tsp ga\tsp ga.cpp(189): warning C4715: 'find_dupe': not all control paths return a value
  TSP GA.vcxproj -> C:\Users\manol\source\repos\TSP GA\Debug\TSP GA.exe
