First Random Generation:
Individ: 0
7 0 9 3 8 1 2 4 6 5 
Individ: 1
2 8 4 1 9 7 3 0 5 6 
Individ: 2
1 4 0 9 7 8 5 3 6 2 
Individ: 3
0 5 9 8 3 7 1 4 2 6 
Individ: 4
6 5 4 3 2 9 1 8 0 7 
Individ: 5
2 4 0 3 5 7 1 6 8 9 
Individ: 6
1 7 3 4 8 6 2 5 0 9 
Individ: 7
8 7 1 0 6 4 9 5 3 2 
Individ: 8
1 9 8 7 5 3 4 2 0 6 
Individ: 9
7 8 2 3 4 0 1 9 6 5 

Min Value: 4242.08


Generation: 0
Individ: 0
5 4 8 6 0 9 7 1 3 2 
Individ: 1
0 7 9 6 8 5 4 2 3 1 
Individ: 2
0 4 9 6 8 5 7 1 3 2 
Individ: 3
0 4 9 6 8 5 7 1 3 2 
Individ: 4
1 4 0 9 3 8 5 7 6 2 
Individ: 5
0 4 9 6 8 5 7 2 3 1 
Individ: 6
0 2 3 6 8 5 7 1 4 9 
Individ: 7
5 4 7 6 1 8 9 0 3 2 
Individ: 8
9 4 0 2 3 8 5 7 6 1 
Individ: 9
8 5 7 6 1 3 2 0 4 9 
Min value: 1413.54



Generation: 1
Individ: 0
9 4 0 7 3 1 6 5 8 2 
Individ: 1
9 4 0 1 8 5 2 6 3 7 
Individ: 2
9 4 1 6 7 5 8 0 3 2 
Individ: 3
2 3 0 8 5 7 6 1 4 9 
Individ: 4
8 5 3 4 0 2 6 9 7 1 
Individ: 5
8 3 7 6 1 5 2 0 4 9 
Individ: 6
9 4 0 1 8 5 7 6 3 2 
Individ: 7
1 7 5 2 9 6 3 4 8 0 
Individ: 8
9 4 0 1 8 5 7 6 3 2 
Individ: 9
9 4 0 1 8 5 7 6 3 2 
Min value: 1413.54



Generation: 2
Individ: 0
1 3 2 6 7 5 8 0 4 9 
Individ: 1
2 3 1 4 9 0 6 8 7 5 
Individ: 2
8 5 1 2 9 4 6 0 3 7 
Individ: 3
2 3 1 6 7 5 8 0 4 9 
Individ: 4
9 4 0 1 8 5 7 6 3 2 
Individ: 5
2 3 0 1 8 5 7 6 4 9 
Individ: 6
4 9 1 6 7 5 8 0 3 2 
Individ: 7
2 3 1 6 7 5 8 0 4 9 
Individ: 8
2 3 1 6 7 5 8 0 4 9 
Individ: 9
4 1 9 6 8 3 5 2 0 7 
Min value: 1413.54



Generation: 3
Individ: 0
2 3 1 0 8 5 7 6 4 9 
Individ: 1
9 4 6 1 7 5 8 0 3 2 
Individ: 2
5 9 4 0 3 7 8 1 2 6 
Individ: 3
1 3 2 5 6 7 8 0 4 9 
Individ: 4
2 3 1 0 4 9 6 7 5 8 
Individ: 5
2 3 6 1 7 5 8 0 4 9 
Individ: 6
9 0 1 4 8 5 7 6 3 2 
Individ: 7
9 3 0 1 6 8 7 5 4 2 
Individ: 8
9 0 2 4 3 1 6 7 5 8 
Individ: 9
1 3 4 2 9 0 6 7 5 8 
Min value: 1413.54



Generation: 4
Individ: 0
6 5 4 1 3 2 7 9 0 8 
Individ: 1
7 4 9 8 0 5 6 1 2 3 
Individ: 2
2 1 3 0 8 5 7 6 4 9 
Individ: 3
2 4 9 6 7 5 8 0 1 3 
Individ: 4
2 3 0 8 5 7 6 1 4 9 
Individ: 5
9 4 1 6 7 5 8 0 3 2 
Individ: 6
6 8 3 7 9 0 2 1 5 4 
Individ: 7
2 3 1 4 9 0 6 7 5 8 
Individ: 8
1 3 2 6 7 5 8 0 4 9 
Individ: 9
6 7 0 1 4 8 5 9 2 3 
Min value: 1413.54



Generation: 5
Individ: 0
5 2 9 1 7 0 6 4 8 3 
Individ: 1
9 1 3 6 7 5 8 0 4 2 
Individ: 2
2 0 4 8 5 7 6 1 3 9 
Individ: 3
2 4 0 8 5 3 9 6 7 1 
Individ: 4
7 2 0 6 5 9 8 1 3 4 
Individ: 5
1 2 3 6 5 7 8 0 4 9 
Individ: 6
0 4 8 9 7 5 6 1 3 2 
Individ: 7
4 9 0 8 5 7 6 1 3 2 
Individ: 8
5 8 7 6 0 9 4 1 3 2 
Individ: 9
6 1 7 5 3 9 4 8 2 0 
Min value: 1413.54



Generation: 6
Individ: 0
9 7 8 4 6 3 5 2 0 1 
Individ: 1
2 3 1 6 7 5 8 0 4 9 
Individ: 2
2 4 9 0 8 5 7 6 1 3 
Individ: 3
2 4 0 8 5 7 6 1 9 3 
Individ: 4
1 6 7 5 8 0 9 4 3 2 
Individ: 5
4 9 8 3 7 6 5 2 1 0 
Individ: 6
2 3 1 6 7 5 8 0 4 9 
Individ: 7
2 3 1 6 7 5 8 0 4 9 
Individ: 8
0 1 9 8 5 7 6 4 2 3 
Individ: 9
5 4 7 6 8 0 9 1 3 2 
Min value: 1413.54



Generation: 7
Individ: 0
9 4 0 8 5 7 6 1 3 2 
Individ: 1
9 4 0 8 5 7 6 1 3 2 
Individ: 2
2 4 9 0 8 5 7 6 1 3 
Individ: 3
9 4 0 8 5 6 7 1 3 2 
Individ: 4
9 4 0 8 2 3 6 1 7 5 
Individ: 5
9 4 0 5 7 1 6 8 3 2 
Individ: 6
9 4 0 2 3 1 6 8 7 5 
Individ: 7
9 4 0 8 5 7 6 1 3 2 
Individ: 8
2 4 9 0 8 5 7 6 1 3 
Individ: 9
0 4 9 8 5 7 6 1 3 2 
Min value: 1413.54



Generation: 8
Individ: 0
0 3 8 5 4 6 7 9 2 1 
Individ: 1
9 4 0 2 3 7 6 1 5 8 
Individ: 2
9 4 0 8 5 1 6 7 3 2 
Individ: 3
9 4 0 8 5 7 6 1 3 2 
Individ: 4
9 4 0 8 5 7 6 1 3 2 
Individ: 5
9 4 7 0 8 5 6 1 3 2 
Individ: 6
2 4 9 8 5 0 7 6 1 3 
Individ: 7
4 6 7 5 8 0 9 1 2 3 
Individ: 8
9 1 0 8 5 7 6 4 3 2 
Individ: 9
2 0 8 4 3 7 1 5 9 6 
Min value: 1413.54



Generation: 9
Individ: 0
1 6 7 5 8 0 9 4 3 2 
Individ: 1
4 9 0 8 5 7 6 1 2 3 
Individ: 2
8 5 7 6 1 3 2 0 4 9 
Individ: 3
9 4 0 8 5 7 6 1 3 2 
Individ: 4
6 0 8 1 3 2 4 5 7 9 
Individ: 5
1 6 0 8 5 7 4 9 3 2 
Individ: 6
8 5 7 4 3 9 6 1 0 2 
Individ: 7
8 5 7 6 1 9 2 4 3 0 
Individ: 8
3 4 0 8 5 7 6 1 9 2 
Individ: 9
0 7 8 1 4 6 9 2 5 3 
Min value: 1413.54



Best individ found:8 5 7 6 1 3 2 0 4 9 


Minimum value found: 1413.54